This is pdfTeX, Version 3.141592653-2.6-1.40.26 (MiKTeX 24.4) (preloaded format=pdflatex 2024.10.4)  6 APR 2026 11:11
entering extended mode
 restricted \write18 enabled.
 %&-line parsing enabled.
**./documento.tex
(documento.tex
LaTeX2e <2024-06-01> patch level 2
L3 programming layer <2024-08-30>
(C:\Users\lydia\AppData\Local\Programs\MiKTeX\tex/latex/abntex2\abntex2.cls
Document Class: abntex2 2018/11/24 v-1.9.7 abnTeX2
(C:\Users\lydia\AppData\Local\Programs\MiKTeX\tex/latex/base\ifthen.sty
Package: ifthen 2024/03/16 v1.1e Standard LaTeX ifthen package (DPC)
)
(C:\Users\lydia\AppData\Local\Programs\MiKTeX\tex/latex/memoir\memoir.cls
Document Class: memoir 2025/11/04 v3.8.4b configurable book, report, article do
cument class
(C:\Users\lydia\AppData\Local\Programs\MiKTeX\tex/latex/xpatch\xpatch.sty
(C:\Users\lydia\AppData\Local\Programs\MiKTeX\tex/latex/l3kernel\expl3.sty
Package: expl3 2024-08-30 L3 programming layer (loader) 

(C:\Users\lydia\AppData\Local\Programs\MiKTeX\tex/latex/l3backend\l3backend-pdf
tex.def
File: l3backend-pdftex.def 2024-05-08 L3 backend support: PDF output (pdfTeX)
\l__color_backend_stack_int=\count194
\l__pdf_internal_box=\box52
))
Package: xpatch 2020/03/25 v0.3a Extending etoolbox patching commands

(C:\Users\lydia\AppData\Local\Programs\MiKTeX\tex/latex/l3packages/xparse\xpars
e.sty
Package: xparse 2024-08-16 L3 Experimental document command parser
)
(C:\Users\lydia\AppData\Local\Programs\MiKTeX\tex/latex/etoolbox\etoolbox.sty
Package: etoolbox 2020/10/05 v2.5k e-TeX tools for LaTeX (JAW)
\etb@tempcnta=\count195
))
\onelineskip=\skip49
\lxvchars=\skip50
\xlvchars=\skip51
\@memcnta=\count196
\c@@memmarkcntra=\count197
(C:\Users\lydia\AppData\Local\Programs\MiKTeX\tex/generic/iftex\iftex.sty
Package: iftex 2022/02/03 v1.0f TeX engine tests
)
\trimtop=\skip52
\trimedge=\skip53

(C:\Users\lydia\AppData\Local\Programs\MiKTeX\tex/latex/base\fleqn.clo
File: fleqn.clo 2016/12/29 v1.2b Standard LaTeX option (flush left equations)
\mathindent=\skip54
Applying: [2015/01/01] Make \[ robust on input line 50.
LaTeX Info: Redefining \[ on input line 51.
Already applied: [0000/00/00] Make \[ robust on input line 62.
Applying: [2015/01/01] Make \] robust on input line 74.
LaTeX Info: Redefining \] on input line 75.
Already applied: [0000/00/00] Make \] robust on input line 83.
)
(C:\Users\lydia\AppData\Local\Programs\MiKTeX\tex/latex/memoir\mem12.clo
File: mem12.clo 2022/07/29 v0.5 memoir class 12pt size option
)
\binding=\skip55
\spinemargin=\skip56
\foremargin=\skip57
\uppermargin=\skip58
\lowermargin=\skip59
\headdrop=\skip60
\normalrulethickness=\skip61
\mem@maxheadheight=\skip62
\mem@maxfootheight=\skip63
\headwidth=\skip64
\c@storedpagenumber=\count198
\memPD=\dimen141
\m@mabparskip=\skip65
\thanksmarkwidth=\skip66
\thanksmarksep=\skip67
\droptitle=\skip68
\c@book=\count199
\c@part=\count266
\c@chapter=\count267
\c@section=\count268
\c@subsection=\count269
\c@subsubsection=\count270
\c@paragraph=\count271
\c@subparagraph=\count272
\beforechapskip=\skip69
\midchapskip=\skip70
\afterchapskip=\skip71
\chapindent=\skip72
\bottomsectionskip=\skip73
\secindent=\skip74
\beforesecskip=\skip75
\aftersecskip=\skip76
\subsecindent=\skip77
\beforesubsecskip=\skip78
\aftersubsecskip=\skip79
\subsubsecindent=\skip80
\beforesubsubsecskip=\skip81
\aftersubsubsecskip=\skip82
\paraindent=\skip83
\beforeparaskip=\skip84
\afterparaskip=\skip85
\subparaindent=\skip86
\beforesubparaskip=\skip87
\aftersubparaskip=\skip88
\pfbreakskip=\skip89
\c@@ppsavesec=\count273
\c@@ppsaveapp=\count274
\ragrparindent=\dimen142
\everylistparindent=\dimen143
\parsepi=\skip90
\topsepi=\skip91
\itemsepi=\skip92
\parsepii=\skip93
\topsepii=\skip94
\topsepiii=\skip95
\itemsepii=\skip96
\itemsepiii=\skip97
\partopsepii=\skip98
\partopsepiii=\skip99
\m@msavetopsep=\skip100
\m@msavepartopsep=\skip101
\@enLab=\toks17
\abstitleskip=\skip102
\absleftindent=\skip103
\abs@leftindent=\dimen144
\absrightindent=\skip104
\absparindent=\skip105
\absparsep=\skip106
\c@vslineno=\count275
\c@poemline=\count276
\c@modulo@vs=\count277
\c@memfvsline=\count278
\vleftskip=\skip107
\vrightskip=\skip108
\stanzaskip=\skip109
\versewidth=\skip110
\vgap=\skip111
\vindent=\skip112
\vleftmargin=\dimen145
\c@verse=\count279
\c@chrsinstr=\count280
\beforepoemtitleskip=\skip113
\afterpoemtitleskip=\skip114
\c@poem=\count281
\beforePoemTitleskip=\skip115
\midPoemTitleskip=\skip116
\afterPoemTitleskip=\skip117

(C:\Users\lydia\AppData\Local\Programs\MiKTeX\tex/latex/tools\array.sty
Package: array 2024/06/14 v2.6d Tabular extension package (FMi)
\col@sep=\dimen146
\ar@mcellbox=\box53
\extrarowheight=\dimen147
\NC@list=\toks18
\extratabsurround=\skip118
\backup@length=\skip119
\ar@cellbox=\box54
)
(C:\Users\lydia\AppData\Local\Programs\MiKTeX\tex/latex/tools\dcolumn.sty
Package: dcolumn 2023/07/08 v1.06 decimal alignment package (DPC)
)
(C:\Users\lydia\AppData\Local\Programs\MiKTeX\tex/latex/tools\delarray.sty
Package: delarray 2014/10/28 v1.01 array delimiter package (DPC)
)
(C:\Users\lydia\AppData\Local\Programs\MiKTeX\tex/latex/tools\tabularx.sty
Package: tabularx 2023/12/11 v2.12a `tabularx' package (DPC)
\TX@col@width=\dimen148
\TX@old@table=\dimen149
\TX@old@col=\dimen150
\TX@target=\dimen151
\TX@delta=\dimen152
\TX@cols=\count282
\TX@ftn=\toks19
)
(C:\Users\lydia\AppData\Local\Programs\MiKTeX\tex/latex/booktabs\booktabs.sty
Package: booktabs 2020/01/12 v1.61803398 Publication quality tables
\heavyrulewidth=\dimen153
\lightrulewidth=\dimen154
\cmidrulewidth=\dimen155
\belowrulesep=\dimen156
\belowbottomsep=\dimen157
\aboverulesep=\dimen158
\abovetopsep=\dimen159
\cmidrulesep=\dimen160
\cmidrulekern=\dimen161
\defaultaddspace=\dimen162
\@cmidla=\count283
\@cmidlb=\count284
\@aboverulesep=\dimen163
\@belowrulesep=\dimen164
\@thisruleclass=\count285
\@lastruleclass=\count286
\@thisrulewidth=\dimen165
)
\ctableftskip=\skip120
\ctabrightskip=\skip121
\abovecolumnspenalty=\count287
\@linestogo=\count288
\@cellstogo=\count289
\@cellsincolumn=\count290
\crtok=\toks20
\@mincolumnwidth=\dimen166
\c@newflo@tctr=\count291
\mem@margin@floatbox=\box55
\@contcwidth=\skip122
\@contindw=\skip123
\abovecaptionskip=\skip124
\belowcaptionskip=\skip125
\subfloattopskip=\skip126
\subfloatcapskip=\skip127
\subfloatcaptopadj=\skip128
\subfloatbottomskip=\skip129
\subfloatlabelskip=\skip130
\subfloatcapmargin=\dimen167
\c@@contsubnum=\count292
\m@mscap@capbox=\box56
\m@mscap@fbox=\box57
\sidecapsep=\dimen168
\sidecapwidth=\dimen169
\m@m@tempdima=\dimen170
\m@mscapraise=\dimen171
\sidecapraise=\dimen172
\m@mscapmainwidth=\dimen173
\m@mscaplkern=\dimen174
\beforeepigraphskip=\skip131
\afterepigraphskip=\skip132
\epigraphwidth=\skip133
\epigraphrule=\skip134

(C:\Users\lydia\AppData\Local\Programs\MiKTeX\tex/latex/hyperref\nameref.sty
Package: nameref 2023-11-26 v2.56 Cross-referencing by name of section

(C:\Users\lydia\AppData\Local\Programs\MiKTeX\tex/latex/refcount\refcount.sty
Package: refcount 2019/12/15 v3.6 Data extraction from label references (HO)

(C:\Users\lydia\AppData\Local\Programs\MiKTeX\tex/generic/ltxcmds\ltxcmds.sty
Package: ltxcmds 2023-12-04 v1.26 LaTeX kernel commands for general use (HO)
)
(C:\Users\lydia\AppData\Local\Programs\MiKTeX\tex/generic/infwarerr\infwarerr.s
ty
Package: infwarerr 2019/12/03 v1.5 Providing info/warning/error messages (HO)
))
(C:\Users\lydia\AppData\Local\Programs\MiKTeX\tex/generic/gettitlestring\gettit
lestring.sty
Package: gettitlestring 2019/12/15 v1.6 Cleanup title references (HO)

(C:\Users\lydia\AppData\Local\Programs\MiKTeX\tex/latex/kvoptions\kvoptions.sty
Package: kvoptions 2022-06-15 v3.15 Key value format for package options (HO)
(C:\Users\lydia\AppData\Local\Programs\MiKTeX\tex/latex/graphics\keyval.sty
Package: keyval 2022/05/29 v1.15 key=value parser (DPC)
\KV@toks@=\toks21
)
(C:\Users\lydia\AppData\Local\Programs\MiKTeX\tex/latex/kvsetkeys\kvsetkeys.sty
Package: kvsetkeys 2022-10-05 v1.19 Key value parser (HO)
)))
\c@section@level=\count293
)
\tocentryskip=\skip135
\tocbaseline=\skip136
\cftparskip=\skip137
\cftbeforebookskip=\skip138
\cftbookindent=\dimen175
\cftbooknumwidth=\dimen176
\cftbeforepartskip=\skip139
\cftpartindent=\skip140
\cftpartnumwidth=\skip141
\cftbeforechapterskip=\skip142
\cftchapterindent=\skip143
\cftchapternumwidth=\skip144
\cftbeforesectionskip=\skip145
\cftsectionindent=\skip146
\cftsectionnumwidth=\skip147
\cftbeforesubsectionskip=\skip148
\cftsubsectionindent=\skip149
\cftsubsectionnumwidth=\skip150
\cftbeforesubsubsectionskip=\skip151
\cftsubsubsectionindent=\skip152
\cftsubsubsectionnumwidth=\skip153
\cftbeforeparagraphskip=\skip154
\cftparagraphindent=\skip155
\cftparagraphnumwidth=\skip156
\cftbeforesubparagraphskip=\skip157
\cftsubparagraphindent=\skip158
\cftsubparagraphnumwidth=\skip159
\prechapterprecisshift=\dimen177
\c@maxsecnumdepth=\count294
\bibindent=\dimen178
\bibitemsep=\skip160
\indexcolsep=\skip161
\indexrule=\skip162
\indexmarkstyle=\toks22
\@indexbox=\insert252
LaTeX Info: Redefining \raggedbottom on input line 8095.
LaTeX Info: Redefining \flushbottom on input line 8099.
\glossarycolsep=\dimen179
\glossaryrule=\dimen180
\sideparvshift=\skip163
\sideins=\insert251
\sidebartopsep=\skip164
\sidebarhsep=\skip165
\sidebarvsep=\skip166
\sidebarwidth=\skip167
\footmarkwidth=\skip168
\footmarksep=\skip169
\footparindent=\skip170
\footinsdim=\skip171
\footinsv@r=\insert250
\@mpfootinsv@r=\insert249
\m@m@k=\count295
\m@m@h=\dimen181
\m@mipn@skip=\skip172
\sidefootins=\insert248
\sidefootadjust=\skip173
\sidefootheight=\skip174
\sidefoothsep=\skip175
\sidefootvsep=\skip176
\sidefootwidth=\skip177
\m@mdownsf=\skip178
\c@sidefootnote=\count296
\sidefootmarkwidth=\skip179
\sidefootmarksep=\skip180
\sidefootparindent=\skip181
\c@pagenote=\count297
\c@pagenoteshadow=\count298
\mem@pn@lastkern=\skip182
 (C:\Users\lydia\AppData\Local\Programs\MiKTeX\tex/latex/tools\verbatim.sty
Package: verbatim 2024-01-22 v1.5x LaTeX2e package for verbatim enhancements
\every@verbatim=\toks23
\verbatim@line=\toks24
\verbatim@in@stream=\read2
)
\verbatimindent=\skip183
\verbatim@out=\write3
 (C:\Users\lydia\AppData\Local\Programs\MiKTeX\tex/latex/base\shortvrb.sty
Package: shortvrb 2024/04/26 v3.0p Standard LaTeX documentation package V3 (FMi
)
)
\bvboxsep=\skip184
\c@memfbvline=\count299
\c@bvlinectr=\count300
\bvnumlength=\skip185
\fb@frw=\dimen182
\fb@frh=\dimen183
\FrameRule=\dimen184
\FrameSep=\dimen185
\c@cp@cntr=\count301
\c@ism@mctr=\count302
\c@xsm@mctr=\count303
\c@csm@mctr=\count304
\c@ksm@mctr=\count305
\c@xksm@mctr=\count306
\c@cksm@mctr=\count307
\c@msm@mctr=\count308
\c@xmsm@mctr=\count309
\c@cmsm@mctr=\count310
\c@bsm@mctr=\count311
\c@workm@mctr=\count312
\c@sheetsequence=\count313
\c@lastsheet=\count314
\c@lastpage=\count315
\c@figure=\count316
\c@lofdepth=\count317
\cftbeforefigureskip=\skip186
\cftfigureindent=\skip187
\cftfigurenumwidth=\skip188
\c@table=\count318
\c@lotdepth=\count319
\cftbeforetableskip=\skip189
\cfttableindent=\skip190
\cfttablenumwidth=\skip191
Package abstract [2008/07/23] emulated by memoir.
Package appendix [2008/07/23] emulated by memoir.
Package ccaption [2008/07/23] emulated by memoir.
Package changepage [2008/07/23] emulated by memoir.
Package chngcntr [2008/07/23] emulated by memoir.
Package chngpage [2008/07/23] emulated by memoir.
Package crop emulated by memoir.
Package enumerate [2008/07/23] emulated by memoir.
Package epigraph [2008/07/23] emulated by memoir.
Package ifmtarg [2008/07/23] emulated by memoir.
Package index [2008/07/23] emulated by memoir.
Package makeidx [2008/07/23] emulated by memoir.
Package moreverb [2008/07/23] emulated by memoir.
Package needspace [2008/07/23] emulated by memoir.
Package newfile [2008/07/23] emulated by memoir.
Package nextpage [2008/07/23] emulated by memoir.
Package pagenote [2008/07/23] emulated by memoir.
Package parskip [2008/07/23] emulated by memoir.
Package patchcmd [2008/07/23] emulated by memoir.
Package setspace [2008/07/23] emulated by memoir.
Package showidx [2008/07/23] emulated by memoir.
Package titleref [2008/07/23] emulated by memoir.
Package titling [2008/07/23] emulated by memoir.
Package tocbibind [2008/07/23] emulated by memoir.
Package tocloft [2008/07/23] emulated by memoir.
Package tocvsec2 [2008/07/23] emulated by memoir.
Package verse [2008/07/23] emulated by memoir.
)
(C:\Users\lydia\AppData\Local\Programs\MiKTeX\tex/latex/textcase\textcase.sty
Package: textcase 2025/02/16 v1.05 Text only upper/lower case changing (DPC)
Package textcase Info: Defining Legacy names on input line 20.
)
(C:\Users\lydia\AppData\Local\Programs\MiKTeX\tex/latex/hyperref\hyperref.sty
Package: hyperref 2024-07-10 v7.01j Hypertext links for LaTeX

(C:\Users\lydia\AppData\Local\Programs\MiKTeX\tex/generic/kvdefinekeys\kvdefine
keys.sty
Package: kvdefinekeys 2019-12-19 v1.6 Define keys (HO)
)
(C:\Users\lydia\AppData\Local\Programs\MiKTeX\tex/generic/pdfescape\pdfescape.s
ty
Package: pdfescape 2019/12/09 v1.15 Implements pdfTeX's escape features (HO)

(C:\Users\lydia\AppData\Local\Programs\MiKTeX\tex/generic/pdftexcmds\pdftexcmds
.sty
Package: pdftexcmds 2020-06-27 v0.33 Utility functions of pdfTeX for LuaTeX (HO
)
Package pdftexcmds Info: \pdf@primitive is available.
Package pdftexcmds Info: \pdf@ifprimitive is available.
Package pdftexcmds Info: \pdfdraftmode found.
))
(C:\Users\lydia\AppData\Local\Programs\MiKTeX\tex/latex/hycolor\hycolor.sty
Package: hycolor 2020-01-27 v1.10 Color options for hyperref/bookmark (HO)
)
(C:\Users\lydia\AppData\Local\Programs\MiKTeX\tex/generic/stringenc\stringenc.s
ty
Package: stringenc 2019/11/29 v1.12 Convert strings between diff. encodings (HO
)
)
\@linkdim=\dimen186
\Hy@linkcounter=\count320
\Hy@pagecounter=\count321
 (C:\Users\lydia\AppData\Local\Programs\MiKTeX\tex/latex/hyperref\pd1enc.def
File: pd1enc.def 2024-07-10 v7.01j Hyperref: PDFDocEncoding definition (HO)
Now handling font encoding PD1 ...
... no UTF-8 mapping file for font encoding PD1
) (C:\Users\lydia\AppData\Local\Programs\MiKTeX\tex/generic/intcalc\intcalc.sty
Package: intcalc 2019/12/15 v1.3 Expandable calculations with integers (HO)
)
\Hy@SavedSpaceFactor=\count322
 (C:\Users\lydia\AppData\Local\Programs\MiKTeX\tex/latex/hyperref\puenc.def
File: puenc.def 2024-07-10 v7.01j Hyperref: PDF Unicode definition (HO)
Now handling font encoding PU ...
... no UTF-8 mapping file for font encoding PU
)
Package hyperref Info: Hyper figures OFF on input line 4157.
Package hyperref Info: Link nesting OFF on input line 4162.
Package hyperref Info: Hyper index ON on input line 4165.
Package hyperref Info: Plain pages OFF on input line 4172.
Package hyperref Info: Backreferencing OFF on input line 4177.
Package hyperref Info: Implicit mode ON; LaTeX internals redefined.
Package hyperref Info: Bookmarks ON on input line 4424.
\c@Hy@tempcnt=\count323

(C:\Users\lydia\AppData\Local\Programs\MiKTeX\tex/latex/url\url.sty
\Urlmuskip=\muskip17
Package: url 2013/09/16  ver 3.4  Verb mode for urls, etc.
)
LaTeX Info: Redefining \url on input line 4763.
\XeTeXLinkMargin=\dimen187

(C:\Users\lydia\AppData\Local\Programs\MiKTeX\tex/generic/bitset\bitset.sty
Package: bitset 2019/12/09 v1.3 Handle bit-vector datatype (HO)

(C:\Users\lydia\AppData\Local\Programs\MiKTeX\tex/generic/bigintcalc\bigintcalc
.sty
Package: bigintcalc 2019/12/15 v1.5 Expandable calculations on big integers (HO
)
))
\Fld@menulength=\count324
\Field@Width=\dimen188
\Fld@charsize=\dimen189
Package hyperref Info: Hyper figures OFF on input line 6042.
Package hyperref Info: Link nesting OFF on input line 6047.
Package hyperref Info: Hyper index ON on input line 6050.
Package hyperref Info: backreferencing OFF on input line 6057.
Package hyperref Info: Link coloring OFF on input line 6062.
Package hyperref Info: Link coloring with OCG OFF on input line 6067.
Package hyperref Info: PDF/A mode OFF on input line 6072.

(C:\Users\lydia\AppData\Local\Programs\MiKTeX\tex/latex/base\atbegshi-ltx.sty
Package: atbegshi-ltx 2021/01/10 v1.0c Emulation of the original atbegshi
package with kernel methods
)
\Hy@abspage=\count325
\c@Item=\count326
\c@Hfootnote=\count327
)
Package hyperref Info: Driver (autodetected): hpdftex.
(C:\Users\lydia\AppData\Local\Programs\MiKTeX\tex/latex/hyperref\hpdftex.def
File: hpdftex.def 2024-07-10 v7.01j Hyperref driver for pdfTeX

(C:\Users\lydia\AppData\Local\Programs\MiKTeX\tex/latex/base\atveryend-ltx.sty
Package: atveryend-ltx 2020/08/19 v1.0a Emulation of the original atveryend pac
kage
with kernel methods
)
\Fld@listcount=\count328
\c@bookmark@seq@number=\count329

(C:\Users\lydia\AppData\Local\Programs\MiKTeX\tex/latex/rerunfilecheck\rerunfil
echeck.sty
Package: rerunfilecheck 2025-06-21 v1.11 Rerun checks for auxiliary files (HO)

(C:\Users\lydia\AppData\Local\Programs\MiKTeX\tex/generic/uniquecounter\uniquec
ounter.sty
Package: uniquecounter 2019/12/15 v1.4 Provide unlimited unique counter (HO)
)
Package uniquecounter Info: New unique counter `rerunfilecheck' on input line 2
84.
)
\Hy@SectionHShift=\skip192
)
(C:\Users\lydia\AppData\Local\Programs\MiKTeX\tex/latex/memoir\memhfixc.sty
Package: memhfixc 2025/09/16 v1.24 hyperref package fixes for memoir class
\c@memhycontfloat=\count330
\c@mem@Hpagenote=\count331
)
(C:\Users\lydia\AppData\Local\Programs\MiKTeX\tex/latex/bookmark\bookmark.sty
Package: bookmark 2023-12-10 v1.31 PDF bookmarks (HO)

(C:\Users\lydia\AppData\Local\Programs\MiKTeX\tex/latex/bookmark\bkm-pdftex.def
File: bkm-pdftex.def 2023-12-10 v1.31 bookmark driver for pdfTeX and luaTeX (HO
)
\BKM@id=\count332
)) (C:\Users\lydia\AppData\Local\Programs\MiKTeX\tex/generic/babel\babel.sty
Package: babel 2024/08/29 v24.9 The Babel package
\babel@savecnt=\count333
\U@D=\dimen190
\l@unhyphenated=\language79

(C:\Users\lydia\AppData\Local\Programs\MiKTeX\tex/generic/babel\txtbabel.def)
\bbl@readstream=\read3
\bbl@dirlevel=\count334

*************************************
* Local config file bblopts.cfg used
*
(C:\Users\lydia\AppData\Local\Programs\MiKTeX\tex/latex/arabi\bblopts.cfg
File: bblopts.cfg 2005/09/08 v0.1 add Arabic and Farsi to "declared" options of
 babel
)
(C:\Users\lydia\AppData\Local\Programs\MiKTeX\tex/latex/babel-english\english.l
df
Language: english 2017/06/06 v3.3r English support from the babel system
Package babel Info: Hyphen rules for 'canadian' set to \l@english
(babel)             (\language0). Reported on input line 102.
Package babel Info: Hyphen rules for 'australian' set to \l@ukenglish
(babel)             (\language73). Reported on input line 105.
Package babel Info: Hyphen rules for 'newzealand' set to \l@ukenglish
(babel)             (\language73). Reported on input line 108.
)
(C:\Users\lydia\AppData\Local\Programs\MiKTeX\tex/latex/babel-spanish\spanish.l
df
Language: spanish.ldf 2021/05/27 v5.0q Spanish support from the babel system
\es@quottoks=\toks25
\es@quotdepth=\count335
Package babel Info: Making " an active character on input line 570.
Package babel Info: Making . an active character on input line 675.
Package babel Info: Making < an active character on input line 722.
Package babel Info: Making > an active character on input line 722.
)
(C:\Users\lydia\AppData\Local\Programs\MiKTeX\tex/latex/babel-portuges\brazil.l
df
Language: portuges 2026/01/24 v1.2u Portuguese support from the babel system
Package babel Info: Hyphen rules for 'brazil' set to \l@portuguese
(babel)             (\language56). Reported on input line 100.
))
(C:\Users\lydia\AppData\Local\Programs\MiKTeX\tex/generic/babel/locale/es\babel
-spanish.tex
Package babel Info: Importing font and identification data for spanish
(babel)             from babel-es.ini. Reported on input line 11.
)
(C:\Users\lydia\AppData\Local\Programs\MiKTeX\tex/generic/babel/locale/en\babel
-english.tex
Package babel Info: Importing font and identification data for english
(babel)             from babel-en.ini. Reported on input line 11.
)
(C:\Users\lydia\AppData\Local\Programs\MiKTeX\tex/latex/enumitem\enumitem.sty
Package: enumitem 2025/02/06 v3.11 Customized lists
\labelindent=\skip193
\enit@outerparindent=\dimen191
\enit@toks=\toks26
\enit@inbox=\box58
\enit@count@id=\count336
\enitdp@description=\count337
)
(C:\Users\lydia\AppData\Local\Programs\MiKTeX\tex/latex/tools\calc.sty
Package: calc 2023/07/08 v4.3 Infix arithmetic (KKT,FJ)
\calc@Acount=\count338
\calc@Bcount=\count339
\calc@Adimen=\dimen192
\calc@Bdimen=\dimen193
\calc@Askip=\skip194
\calc@Bskip=\skip195
LaTeX Info: Redefining \setlength on input line 80.
LaTeX Info: Redefining \addtolength on input line 81.
\calc@Ccount=\count340
\calc@Cskip=\skip196
)

******************************************************
Stock height and width: 845.04684pt by 597.50787pt
Top and edge trims: 0pt and 0pt
Page height and width: 845.04684pt by 597.50787pt
Text height and width: 708pt by 455pt
Spine and edge margins: 85.35826pt and 56.9055pt
Upper and lower margins: 85.35826pt and 51.68858pt
Headheight and headsep: 14.5pt and 19.8738pt
Footskip: 30pt
Columnsep and columnseprule: 10pt and 0pt
Marginparsep and marginparwidth: 7pt and 42.9055pt
Sidecapsep and sidecapwidth: 7pt and 42pt
Sidebarhsep and sidebarwidth: 7pt and 42pt
Sidebarvsep and sidebartopsep: 14.5pt and 0pt
Sidebarheight: 590.14995pt
Sidefoothsep and sidefootwidth: 7pt and 42pt
Sidefootvsep and sidefootheight: 14.5pt and 590.14995pt
******************************************************

\c@abntex@bookmarkcounter=\count341
\cftlastnumwidth=\skip197

Class memoir Warning: \settocpreprocessor is marked deprecated and will be
(memoir)              removed in 2026, the problem it tried to solve 
(memoir)              (see manual, section 9.2.3),
(memoir)              has been fixed in the kernel, and the feature is
(memoir)              no longer needed. on input line 483.

\chapternamenumlength=\skip198
\ABNTEXcitacaorecuo=\skip199
\c@alineasi=\count342
\c@alineasii=\count343
\enitdp@alineas=\count344
\c@subalineasi=\count345
\enitdp@subalineas=\count346
\c@incisosi=\count347
\enitdp@incisos=\count348
\ABNTEXsignwidth=\skip256
\ABNTEXsignthickness=\skip257
\ABNTEXsignskip=\skip258
) (lib/preambulo.tex
(C:\Users\lydia\AppData\Local\Programs\MiKTeX\tex/latex/base\inputenc.sty
Package: inputenc 2024/02/08 v1.3d Input encoding file
\inpenc@prehook=\toks27
\inpenc@posthook=\toks28
)
(C:\Users\lydia\AppData\Local\Programs\MiKTeX\tex/latex/base\fontenc.sty
Package: fontenc 2021/04/29 v2.0v Standard LaTeX package
)
(C:\Users\lydia\AppData\Local\Programs\MiKTeX\tex/latex/graphics\graphicx.sty
Package: graphicx 2021/09/16 v1.2d Enhanced LaTeX Graphics (DPC,SPQR)

(C:\Users\lydia\AppData\Local\Programs\MiKTeX\tex/latex/graphics\graphics.sty
Package: graphics 2024/05/23 v1.4g Standard LaTeX Graphics (DPC,SPQR)

(C:\Users\lydia\AppData\Local\Programs\MiKTeX\tex/latex/graphics\trig.sty
Package: trig 2023/12/02 v1.11 sin cos tan (DPC)
)
(C:\Users\lydia\AppData\Local\Programs\MiKTeX\tex/latex/graphics-cfg\graphics.c
fg
File: graphics.cfg 2016/06/04 v1.11 sample graphics configuration
)
Package graphics Info: Driver file: pdftex.def on input line 106.

(C:\Users\lydia\AppData\Local\Programs\MiKTeX\tex/latex/graphics-def\pdftex.def
File: pdftex.def 2024/04/13 v1.2c Graphics/color driver for pdftex
))
\Gin@req@height=\dimen194
\Gin@req@width=\dimen195
)
(C:\Users\lydia\AppData\Local\Programs\MiKTeX\tex/latex/amsfonts\amsfonts.sty
Package: amsfonts 2013/01/14 v3.01 Basic AMSFonts support
\@emptytoks=\toks29
\symAMSa=\mathgroup4
\symAMSb=\mathgroup5
LaTeX Font Info:    Redeclaring math symbol \hbar on input line 98.
LaTeX Font Info:    Overwriting math alphabet `\mathfrak' in version `bold'
(Font)                  U/euf/m/n --> U/euf/b/n on input line 106.
)
(C:\Users\lydia\AppData\Local\Programs\MiKTeX\tex/latex/amsfonts\amssymb.sty
Package: amssymb 2013/01/14 v3.01 AMS font symbols
)
(C:\Users\lydia\AppData\Local\Programs\MiKTeX\tex/latex/amsmath\amsmath.sty
Package: amsmath 2024/05/23 v2.17q AMS math features
\@mathmargin=\skip259

For additional information on amsmath, use the `?' option.
(C:\Users\lydia\AppData\Local\Programs\MiKTeX\tex/latex/amsmath\amstext.sty
Package: amstext 2021/08/26 v2.01 AMS text

(C:\Users\lydia\AppData\Local\Programs\MiKTeX\tex/latex/amsmath\amsgen.sty
File: amsgen.sty 1999/11/30 v2.0 generic functions
\@emptytoks=\toks30
\ex@=\dimen196
))
(C:\Users\lydia\AppData\Local\Programs\MiKTeX\tex/latex/amsmath\amsbsy.sty
Package: amsbsy 1999/11/29 v1.2d Bold Symbols
\pmbraise@=\dimen197
)
(C:\Users\lydia\AppData\Local\Programs\MiKTeX\tex/latex/amsmath\amsopn.sty
Package: amsopn 2022/04/08 v2.04 operator names
)
\inf@bad=\count349
LaTeX Info: Redefining \frac on input line 233.
\uproot@=\count350
\leftroot@=\count351
LaTeX Info: Redefining \overline on input line 398.
LaTeX Info: Redefining \colon on input line 409.
\classnum@=\count352
\DOTSCASE@=\count353
LaTeX Info: Redefining \ldots on input line 495.
LaTeX Info: Redefining \dots on input line 498.
LaTeX Info: Redefining \cdots on input line 619.
\Mathstrutbox@=\box59
\strutbox@=\box60
LaTeX Info: Redefining \big on input line 721.
LaTeX Info: Redefining \Big on input line 722.
LaTeX Info: Redefining \bigg on input line 723.
LaTeX Info: Redefining \Bigg on input line 724.
\big@size=\dimen198
LaTeX Font Info:    Redeclaring font encoding OML on input line 742.
LaTeX Font Info:    Redeclaring font encoding OMS on input line 743.
\macc@depth=\count354
LaTeX Info: Redefining \bmod on input line 904.
LaTeX Info: Redefining \pmod on input line 909.
LaTeX Info: Redefining \smash on input line 939.
LaTeX Info: Redefining \relbar on input line 969.
LaTeX Info: Redefining \Relbar on input line 970.
\c@MaxMatrixCols=\count355
\dotsspace@=\muskip18
\c@parentequation=\count356
\dspbrk@lvl=\count357
\tag@help=\toks31
\row@=\count358
\column@=\count359
\maxfields@=\count360
\andhelp@=\toks32
\eqnshift@=\dimen199
\alignsep@=\dimen256
\tagshift@=\dimen257
\tagwidth@=\dimen258
\totwidth@=\dimen259
\lineht@=\dimen260
\@envbody=\toks33
\multlinegap=\skip260
\multlinetaggap=\skip261
\mathdisplay@stack=\toks34
LaTeX Info: Redefining \[ on input line 2953.
LaTeX Info: Redefining \] on input line 2954.
)
(C:\Users\lydia\AppData\Local\Programs\MiKTeX\tex/latex/multirow\multirow.sty
Package: multirow 2024/11/12 v2.9 Span multiple rows of a table
\multirow@colwidth=\skip262
\multirow@cntb=\count361
\multirow@dima=\skip263
\bigstrutjot=\dimen261
)
(C:\Users\lydia\AppData\Local\Programs\MiKTeX\tex/latex/tools\indentfirst.sty
Package: indentfirst 2023/07/02 v1.03 Indent first paragraph (DPC)
)
(C:\Users\lydia\AppData\Local\Programs\MiKTeX\tex/latex/listings\listings.sty
\lst@mode=\count362
\lst@gtempboxa=\box61
\lst@token=\toks35
\lst@length=\count363
\lst@currlwidth=\dimen262
\lst@column=\count364
\lst@pos=\count365
\lst@lostspace=\dimen263
\lst@width=\dimen264
\lst@newlines=\count366
\lst@lineno=\count367
\lst@maxwidth=\dimen265

(C:\Users\lydia\AppData\Local\Programs\MiKTeX\tex/latex/listings\lstpatch.sty
File: lstpatch.sty 2024/05/25 1.10b (Carsten Heinz)
)
(C:\Users\lydia\AppData\Local\Programs\MiKTeX\tex/latex/listings\lstmisc.sty
File: lstmisc.sty 2024/05/25 1.10b (Carsten Heinz)
\c@lstnumber=\count368
\lst@skipnumbers=\count369
\lst@framebox=\box62
)
(C:\Users\lydia\AppData\Local\Programs\MiKTeX\tex/latex/listings\listings.cfg
File: listings.cfg 2024/05/25 1.10b listings configuration
))
Package: listings 2024/05/25 1.10b (Carsten Heinz)
(C:\Users\lydia\AppData\Local\Programs\MiKTeX\tex/latex/xcolor\xcolor.sty
Package: xcolor 2023/11/15 v3.01 LaTeX color extensions (UK)

(C:\Users\lydia\AppData\Local\Programs\MiKTeX\tex/latex/graphics-cfg\color.cfg
File: color.cfg 2016/01/02 v1.6 sample color configuration
)
Package xcolor Info: Driver file: pdftex.def on input line 274.
(C:\Users\lydia\AppData\Local\Programs\MiKTeX\tex/latex/graphics\mathcolor.ltx)
Package xcolor Info: Model `cmy' substituted by `cmy0' on input line 1350.
Package xcolor Info: Model `hsb' substituted by `rgb' on input line 1354.
Package xcolor Info: Model `RGB' extended on input line 1366.
Package xcolor Info: Model `HTML' substituted by `rgb' on input line 1368.
Package xcolor Info: Model `Hsb' substituted by `hsb' on input line 1369.
Package xcolor Info: Model `tHsb' substituted by `hsb' on input line 1370.
Package xcolor Info: Model `HSB' substituted by `hsb' on input line 1371.
Package xcolor Info: Model `Gray' substituted by `gray' on input line 1372.
Package xcolor Info: Model `wave' substituted by `hsb' on input line 1373.
)
(C:\Users\lydia\AppData\Local\Programs\MiKTeX\tex/latex/microtype\microtype.sty
Package: microtype 2026/03/01 v3.2d Micro-typographical refinements (RS)
\MT@toks=\toks36
\MT@tempbox=\box63
\MT@count=\count370
LaTeX Info: Redefining \noprotrusionifhmode on input line 1084.
LaTeX Info: Redefining \leftprotrusion on input line 1085.
\MT@prot@toks=\toks37
LaTeX Info: Redefining \rightprotrusion on input line 1104.
LaTeX Info: Redefining \textls on input line 1449.
\MT@outer@kern=\dimen266
LaTeX Info: Redefining \microtypecontext on input line 2053.
LaTeX Info: Redefining \textmicrotypecontext on input line 2070.
\MT@listname@count=\count371

(C:\Users\lydia\AppData\Local\Programs\MiKTeX\tex/latex/microtype\microtype-pdf
tex.def
File: microtype-pdftex.def 2026/03/01 v3.2d Definitions specific to pdftex (RS)

LaTeX Info: Redefining \lsstyle on input line 944.
LaTeX Info: Redefining \lslig on input line 944.
\MT@outer@space=\skip264
)
Package microtype Info: Loading configuration file microtype.cfg.

(C:\Users\lydia\AppData\Local\Programs\MiKTeX\tex/latex/microtype\microtype.cfg
File: microtype.cfg 2026/03/01 v3.2d microtype main configuration file (RS)
)
LaTeX Info: Redefining \microtypesetup on input line 3065.
)
(C:\Users\lydia\AppData\Local\Programs\MiKTeX\tex/latex/algorithm2e\algorithm2e
.sty
Package: algorithm2e 2017/07/18 v5.2 algorithms environments
\c@AlgoLine=\count372
\algocf@hangindent=\skip265

(C:\Users\lydia\AppData\Local\Programs\MiKTeX\tex/latex/ifoddpage\ifoddpage.sty
Package: ifoddpage 2022/10/18 v1.2 Conditionals for odd/even page detection
\c@checkoddpage=\count373
LaTeX Info: Redefining \checkoddpage on input line 45.
) (C:\Users\lydia\AppData\Local\Programs\MiKTeX\tex/latex/tools\xspace.sty
Package: xspace 2014/10/28 v1.13 Space after command names (DPC,MH)
)
(C:\Users\lydia\AppData\Local\Programs\MiKTeX\tex/latex/relsize\relsize.sty
Package: relsize 2013/03/29 ver 4.1
)
\skiptotal=\skip266
\skiplinenumber=\skip267
\skiprule=\skip268
\skiphlne=\skip269
\skiptext=\skip270
\skiplength=\skip271
\algomargin=\skip272
\skipalgocfslide=\skip273
\algowidth=\dimen267
\inoutsize=\dimen268
\inoutindent=\dimen269
\interspacetitleruled=\dimen270
\interspacealgoruled=\dimen271
\interspacetitleboxruled=\dimen272
\algocf@ruledwidth=\skip274
\algocf@inoutbox=\box64
\algocf@inputbox=\box65
\AlCapSkip=\skip275
\AlCapHSkip=\skip276
\algoskipindent=\skip277
\algocf@nlbox=\box66
\algocf@hangingbox=\box67
\algocf@untilbox=\box68
\algocf@skipuntil=\skip278
\algocf@capbox=\box69
\algocf@lcaptionbox=\skip279
\algoheightruledefault=\skip280
\algoheightrule=\skip281
\algotitleheightruledefault=\skip282
\algotitleheightrule=\skip283
\c@algocfline=\count374
\c@algocfproc=\count375
\c@algocf=\count376
\algocf@algoframe=\box70
\algocf@algobox=\box71
)
(C:\Users\lydia\AppData\Local\Programs\MiKTeX\tex/latex/algorithms\algorithmic.
sty
Package: algorithmic 2009/08/24 v0.1 Document Style `algorithmic'
\c@ALC@unique=\count377
\c@ALC@line=\count378
\c@ALC@rem=\count379
\c@ALC@depth=\count380
\ALC@tlm=\skip284
\algorithmicindent=\skip285
) (C:\Users\lydia\AppData\Local\Programs\MiKTeX\tex/latex/lipsum\lipsum.sty
(C:\Users\lydia\AppData\Local\Programs\MiKTeX\tex/latex/l3packages/l3keys2e\l3k
eys2e.sty
Package: l3keys2e 2024-08-16 LaTeX2e option processing using LaTeX3 keys
)
Package: lipsum 2021-09-20 v2.7 150 paragraphs of Lorem Ipsum dummy text
\g__lipsum_par_int=\count381
\l__lipsum_a_int=\count382
\l__lipsum_b_int=\count383

(C:\Users\lydia\AppData\Local\Programs\MiKTeX\tex/latex/lipsum\lipsum.ltd.tex))

(C:\Users\lydia\AppData\Local\Programs\MiKTeX\tex/latex/glossaries/base\glossar
ies.sty
Package: glossaries 2026/03/06 v5.0 (NLCT)

(C:\Users\lydia\AppData\Local\Programs\MiKTeX\tex/latex/xkeyval\xkeyval.sty
Package: xkeyval 2022/06/16 v2.9 package option processing (HA)

(C:\Users\lydia\AppData\Local\Programs\MiKTeX\tex/generic/xkeyval\xkeyval.tex
(C:\Users\lydia\AppData\Local\Programs\MiKTeX\tex/generic/xkeyval\xkvutils.tex
\XKV@toks=\toks38
\XKV@tempa@toks=\toks39
)
\XKV@depth=\count384
File: xkeyval.tex 2014/12/03 v2.7a key=value parser (HA)
))
(C:\Users\lydia\AppData\Local\Programs\MiKTeX\tex/latex/mfirstuc\mfirstuc.sty
Package: mfirstuc 2025/04/03 v2.09 (NLCT)
\@glsmfirst=\toks40
\@glsmrest=\toks41
)
(C:\Users\lydia\AppData\Local\Programs\MiKTeX\tex/latex/xfor\xfor.sty
Package: xfor 2009/02/05 v1.05 (NLCT)
)
(C:\Users\lydia\AppData\Local\Programs\MiKTeX\tex/latex/tracklang\tracklang.sty
Package: tracklang 2025/03/11 v1.6.6 (NLCT) Track Languages

(C:\Users\lydia\AppData\Local\Programs\MiKTeX\tex/generic/tracklang\tracklang.t
ex)
Package tracklang Info: Tracking dialect `english' (language `english') on inpu
t line 53.
Package tracklang Info: Tracking dialect `spanish' (language `spanish') on inpu
t line 53.
Package tracklang Info: Tracking dialect `brazil' (language `portuges') on inpu
t line 53.
)
(C:\Users\lydia\AppData\Local\Programs\MiKTeX\tex/latex/translator\translator.s
ty
Package: translator 2021-05-31 v1.12d Easy translation of strings in LaTeX
)
(C:\Users\lydia\AppData\Local\Programs\MiKTeX\tex/latex/glossaries-english\glos
saries-english.ldf
File: glossaries-english.ldf 2014/11/23 v1.0
)
(C:\Users\lydia\AppData\Local\Programs\MiKTeX\tex/latex/glossaries-spanish\glos
saries-spanish.ldf
File: glossaries-spanish.ldf 2014/11/23 v1.0

(C:\Users\lydia\AppData\Local\Programs\MiKTeX\tex/latex/glossaries-spanish\glos
saries-spanish-utf8.ldf))
(C:\Users\lydia\AppData\Local\Programs\MiKTeX\tex/latex/glossaries-portuges\glo
ssaries-pt-BR.ldf
File: glossaries-pt-BR.ldf 2014/11/23 v1.0

(C:\Users\lydia\AppData\Local\Programs\MiKTeX\tex/latex/glossaries-portuges\glo
ssaries-portuges-utf8.ldf))
(C:\Users\lydia\AppData\Local\Programs\MiKTeX\tex/latex/datatool\datatool-base.
sty
Package: datatool-base 2025/12/04 v3.4.3 (NLCT)
\l__datatool_tmpa_int=\count385
\l__datatool_tmpb_int=\count386
\l__datatool_tmpc_int=\count387
\l__datatool_tmpd_int=\count388
\l__datatool_count_int=\count389
\l__datatool_tmp_datatype_int=\count390
\l__datatool_tmpa_dim=\dimen273
\l__datatool_tmpb_dim=\dimen274

(C:\Users\lydia\AppData\Local\Programs\MiKTeX\tex/latex/datatool\datatool-l3fp.
def
File: datatool-l3fp.def 2025/12/04 v3.4.3 (NLCT)
)
\@dtl@toks=\toks42
\@dtl@tmpcount=\count391
\dtl@tmplength=\skip286
\l__datatool_measure_box=\box72
\dtl@sortresult=\count392

(C:\Users\lydia\AppData\Local\Programs\MiKTeX\tex/latex/datatool\datatool-utf8.
ldf
File: datatool-utf8.ldf 2025/12/04 v3.4.3 (NLCT)
)
\@dtl@datatype=\count393
\c_datatool_unknown_int=\count394
\l__datatool_year_int=\count395
\l__datatool_month_int=\count396
\l__datatool_day_int=\count397
\l__datatool_hour_int=\count398
\l__datatool_minute_int=\count399
\l__datatool_second_int=\count400
\l__datatool_tzhour_int=\count401
\l__datatool_tzminute_int=\count402
\l__datatool_julian_int=\count403
\l__datatool_local_julian_int=\count404
\l__datatool_prefix_int=\count405
\l__datatool_suffix_int=\count406
\@dtl@foreach@level=\count407


Package tracklang Warning: No `datatool' support for dialect `english'  on inpu
t line 9924.


Package tracklang Warning: No `datatool' support for dialect `spanish'  on inpu
t line 9924.


Package tracklang Warning: No `datatool' support for dialect `brazil'  on input
 line 9924.


Package tracklang Warning: No `datatool' support for dialect `brazil'  on input
 line 9924.

\dtl@codeA=\count408
\dtl@codeB=\count409
)
\gls@level=\count410
\@gls@tmpb=\toks43
\gls@tmplen=\skip287


Package glossaries Warning: Overriding \printglossary on input line 6495.

\l__glossaries_tmpa_dim=\dimen275
\l__glossaries_tmpb_dim=\dimen276

Package glossaries Warning: Overriding `theglossary' environment on input line 
7694.

\glskeylisttok=\toks44
\glslabeltok=\toks45
\glsshorttok=\toks46
\glslongtok=\toks47

(C:\Users\lydia\AppData\Local\Programs\MiKTeX\tex/latex/glossaries/styles\gloss
ary-hypernav.sty
Package: glossary-hypernav 2026/03/06 v5.0 (NLCT)
)
(C:\Users\lydia\AppData\Local\Programs\MiKTeX\tex/latex/glossaries/styles\gloss
ary-list.sty
Package: glossary-list 2026/03/06 v5.0 (NLCT)
\glslistdottedwidth=\skip288
)
(C:\Users\lydia\AppData\Local\Programs\MiKTeX\tex/latex/glossaries/styles\gloss
ary-long.sty
Package: glossary-long 2026/03/06 v5.0 (NLCT)

(C:\Users\lydia\AppData\Local\Programs\MiKTeX\tex/latex/tools\longtable.sty
Package: longtable 2024-04-26 v4.20 Multi-page Table package (DPC)
\LTleft=\skip289
\LTright=\skip290
\LTpre=\skip291
\LTpost=\skip292
\LTchunksize=\count411
\LTcapwidth=\dimen277
\LT@head=\box73
\LT@firsthead=\box74
\LT@foot=\box75
\LT@lastfoot=\box76
\LT@gbox=\box77
\LT@cols=\count412
\LT@rows=\count413
\c@LT@tables=\count414
\c@LT@chunks=\count415
\LT@p@ftn=\toks48
)
\glsdescwidth=\skip293
\glspagelistwidth=\skip294
)
(C:\Users\lydia\AppData\Local\Programs\MiKTeX\tex/latex/glossaries/styles\gloss
ary-super.sty
Package: glossary-super 2026/03/06 v5.0 (NLCT)

(C:\Users\lydia\AppData\Local\Programs\MiKTeX\tex/latex/supertabular\supertabul
ar.sty
Package: supertabular 2025/06/26 v4.2d the supertabular environment
\c@tracingst=\count416
\ST@wd=\dimen278
\ST@rightskip=\skip295
\ST@leftskip=\skip296
\ST@parfillskip=\skip297
\ST@pageleft=\dimen279
\ST@headht=\dimen280
\ST@tailht=\dimen281
\ST@pagesofar=\dimen282
\ST@pboxht=\dimen283
\ST@rowht=\dimen284
\ST@prevht=\dimen285
\ST@toadd=\dimen286
\ST@dimen=\dimen287
\ST@pbox=\box78
))
(C:\Users\lydia\AppData\Local\Programs\MiKTeX\tex/latex/glossaries/styles\gloss
ary-tree.sty
Package: glossary-tree 2026/03/06 v5.0 (NLCT)
\l__glossaries_tree_max_known_level_int=\count417
\l__glossaries_tree_offset_dim=\dimen288
\l__glossaries_tree_namewidth_dim=\dimen289
\l__glossaries_tree_symbolwidth_dim=\dimen290
\l__glossaries_tree_prenamesym_width_dim=\dimen291
\l__glossaries_tree_presubnamesym_width_dim=\dimen292
\l__glossaries_tree_namewidth_padding_dim=\dimen293
\l__glossaries_tree_symbolwidth_padding_dim=\dimen294
\l__glossaries_tree_namesymbolwidth_dim=\dimen295
\l__glossaries_tree_namesymbolwidth_padding_dim=\dimen296
\l__glossaries_tree_level_int=\count418
\glstreeindent=\skip298
))
(C:\Users\lydia\AppData\Local\Programs\MiKTeX\tex/latex/caption\caption.sty
Package: caption 2023/08/05 v3.6o Customizing captions (AR)

(C:\Users\lydia\AppData\Local\Programs\MiKTeX\tex/latex/caption\caption3.sty
Package: caption3 2023/07/31 v2.4d caption3 kernel (AR)
\caption@tempdima=\dimen297
\captionmargin=\dimen298
\caption@leftmargin=\dimen299
\caption@rightmargin=\dimen300
\caption@width=\dimen301
\caption@indent=\dimen302
\caption@parindent=\dimen303
\caption@hangindent=\dimen304
Package caption Info: memoir document class detected.

(C:\Users\lydia\AppData\Local\Programs\MiKTeX\tex/latex/caption\caption-memoir.
sto
File: caption-memoir.sto 2023/09/08 v2.2c Adaption of the caption package to th
e memoir document class (AR)
))
\c@caption@flags=\count419
\c@continuedfloat=\count420
Package caption Info: changepage package is loaded.
\caption@adjustwidth@hsize=\dimen305
\caption@adjustwidth@linewidth=\dimen306
Package caption Info: hyperref package is loaded.
Package caption Info: listings package is loaded.
Package caption Info: longtable package is loaded.

(C:\Users\lydia\AppData\Local\Programs\MiKTeX\tex/latex/caption\ltcaption.sty
Package: ltcaption 2021/01/08 v1.4c longtable captions (AR)
)
Package caption Info: supertabular package is loaded.
)
(C:\Users\lydia\AppData\Local\Programs\MiKTeX\tex/latex/abntex2\abntex2cite.sty
Package: abntex2cite 2018/11/24 v-1.9.7 abnTeX2

(C:\Users\lydia\AppData\Local\Programs\MiKTeX\tex/latex/abntex2\abntex2abrev.st
y)
\minimumbiblabelwidth=\skip299
\ABCIauxlen=\skip300
\c@ABCIaux=\count421
\c@ABCImax=\count422
 (C:\Users\lydia\AppData\Local\Programs\MiKTeX\tex/generic/iftex\ifpdf.sty
Package: ifpdf 2019/10/25 v3.4 ifpdf legacy package. Use iftex instead.
)
(C:\Users\lydia\AppData\Local\Programs\MiKTeX\tex/generic/iftex\ifxetex.sty
Package: ifxetex 2019/10/25 v0.7 ifxetex legacy package. Use iftex instead.
)
\biblabelsep=\skip301
LaTeX Info: Redefining \newblock on input line 591.
LaTeX Info: Redefining \cite on input line 618.
\ABCItoken=\toks49
)
(C:\Users\lydia\AppData\Local\Programs\MiKTeX\tex/latex/psnfss\mathptmx.sty
Package: mathptmx 2020/03/25 PSNFSS-v9.3 Times w/ Math, improved (SPQR, WaS) 
LaTeX Font Info:    Redeclaring symbol font `operators' on input line 28.
LaTeX Font Info:    Overwriting symbol font `operators' in version `normal'
(Font)                  OT1/cmr/m/n --> OT1/ztmcm/m/n on input line 28.
LaTeX Font Info:    Overwriting symbol font `operators' in version `bold'
(Font)                  OT1/cmr/bx/n --> OT1/ztmcm/m/n on input line 28.
LaTeX Font Info:    Redeclaring symbol font `letters' on input line 29.
LaTeX Font Info:    Overwriting symbol font `letters' in version `normal'
(Font)                  OML/cmm/m/it --> OML/ztmcm/m/it on input line 29.
LaTeX Font Info:    Overwriting symbol font `letters' in version `bold'
(Font)                  OML/cmm/b/it --> OML/ztmcm/m/it on input line 29.
LaTeX Font Info:    Redeclaring symbol font `symbols' on input line 30.
LaTeX Font Info:    Overwriting symbol font `symbols' in version `normal'
(Font)                  OMS/cmsy/m/n --> OMS/ztmcm/m/n on input line 30.
LaTeX Font Info:    Overwriting symbol font `symbols' in version `bold'
(Font)                  OMS/cmsy/b/n --> OMS/ztmcm/m/n on input line 30.
LaTeX Font Info:    Redeclaring symbol font `largesymbols' on input line 31.
LaTeX Font Info:    Overwriting symbol font `largesymbols' in version `normal'
(Font)                  OMX/cmex/m/n --> OMX/ztmcm/m/n on input line 31.
LaTeX Font Info:    Overwriting symbol font `largesymbols' in version `bold'
(Font)                  OMX/cmex/m/n --> OMX/ztmcm/m/n on input line 31.
\symbold=\mathgroup6
\symitalic=\mathgroup7
LaTeX Font Info:    Redeclaring math alphabet \mathbf on input line 34.
LaTeX Font Info:    Overwriting math alphabet `\mathbf' in version `normal'
(Font)                  OT1/cmr/bx/n --> OT1/ptm/bx/n on input line 34.
LaTeX Font Info:    Overwriting math alphabet `\mathbf' in version `bold'
(Font)                  OT1/cmr/bx/n --> OT1/ptm/bx/n on input line 34.
LaTeX Font Info:    Redeclaring math alphabet \mathit on input line 35.
LaTeX Font Info:    Overwriting math alphabet `\mathit' in version `normal'
(Font)                  OT1/cmr/m/it --> OT1/ptm/m/it on input line 35.
LaTeX Font Info:    Overwriting math alphabet `\mathit' in version `bold'
(Font)                  OT1/cmr/bx/it --> OT1/ptm/m/it on input line 35.
LaTeX Info: Redefining \hbar on input line 50.
)
(C:\Users\lydia\AppData\Local\Programs\MiKTeX\tex/latex/paracol\paracol.sty
Package: paracol 2025/07/14 1.37 typeset columns in parallel
\pcol@currcol=\count423
\pcol@nextcol=\count424
\pcol@ncol=\count425
\pcol@ncolleft=\count426
\pcol@page=\count427
\pcol@basepage=\count428
\pcol@toppage=\count429
\pcol@footnotebase=\count430
\pcol@nfootnotes=\count431
\pcol@mcid=\count432
\pcol@prevdepth=\dimen307
\pcol@colht=\dimen308
\pcol@textfloatsep=\dimen309
\pcol@lrmargin=\dimen310
\pagerim=\dimen311
\pcol@topskip=\skip302
\belowfootnoteskip=\skip303
\pcol@topfnotes=\box79
\pcol@prespan=\box80
\pcol@rightpage=\box81
\pcol@colorstack@saved=\box82
\pcol@tempboxa=\box83
\pcol@tempboxb=\box84
\pcol@colorins=\insert247
\pcol@everyvbox=\toks50
)
(lib/ufctex.sty (1-pre-textuais/lista-de-abreviaturas-e-siglas.tex)
(3-pos-textuais/glossario.tex)
\enitdp@alineascomponto=\count433
\c@subalineascompontoi=\count434
\enitdp@subalineascomponto=\count435
\c@alineascomnumeroi=\count436
\c@alineascomnumeroii=\count437
\enitdp@alineascomnumero=\count438
\c@subalineascomnumeroi=\count439
\enitdp@subalineascomnumero=\count440
\c@afirmacao=\count441
\c@argumento=\count442
\c@teo=\count443
\c@lema=\count444
\c@cor=\count445
\c@conjec=\count446
\c@premissa=\count447
\c@procedimento=\count448
\c@heuristica=\count449
\c@axioma=\count450
\c@exem=\count451
\c@xdefinicao=\count452
\c@cdefinicao=\count453
\c@propriedade=\count454
\c@quest=\count455
\c@quadro=\count456
\c@loqdepth=\count457
\cftbeforequadroskip=\skip304
\cftquadroindent=\skip305
\cftquadronumwidth=\skip306
\mylen=\skip307
\cftbeforelstlistingskip=\skip308
\cftlstlistingindent=\skip309
\cftlstlistingnumwidth=\skip310
\myAlgoLen=\skip311
\cftbeforealgocfskip=\skip312
\cftalgocfindent=\skip313
\cftalgocfnumwidth=\skip314
)
(C:\Users\lydia\AppData\Local\Programs\MiKTeX\tex/latex/pdfpages\pdfpages.sty
Package: pdfpages 2025/07/23 v0.6g Insert pages of external PDF documents (AM)

(C:\Users\lydia\AppData\Local\Programs\MiKTeX\tex/latex/eso-pic\eso-pic.sty
Package: eso-pic 2025/12/10 v3.0d eso-pic (RN)
\ESO@tempdima=\dimen312
\ESO@tempdimb=\dimen313
)
\AM@pagewidth=\dimen314
\AM@pageheight=\dimen315
\AM@fboxrule=\dimen316

(C:\Users\lydia\AppData\Local\Programs\MiKTeX\tex/latex/pdfpages\pppdftex.def
File: pppdftex.def 2025/07/23 v0.6g Pdfpages driver for pdfTeX (AM)
)
\pdfpages@includegraphics@status=\count458
\AM@pagebox=\box85
\AM@global@opts=\toks51
\AM@pagecnt=\count459
\AM@toc@title=\toks52
\AM@lof@heading=\toks53
\c@AM@survey=\count460
\AM@templatesizebox=\box86
)
\glswrite=\write4
\glo@main@file=\write5
\openout5 = `documento.glo'.

Package glossaries Info: Writing glossary file documento.glo on input line 98.
\documento@idxfile=\write6
\openout6 = `documento.idx'.

Writing index file documento.idx 
)
LaTeX Font Info:    Trying to load font information for T1+ptm on input line 23
3.
 (C:\Users\lydia\AppData\Local\Programs\MiKTeX\tex/latex/psnfss\t1ptm.fd
File: t1ptm.fd 2001/06/04 font definitions for T1/ptm.
)

LaTeX Warning: Unused global option(s):
    [section,subsection].

(documento.aux)
\openout1 = `documento.aux'.

LaTeX Font Info:    Checking defaults for OML/cmm/m/it on input line 233.
LaTeX Font Info:    ... okay on input line 233.
LaTeX Font Info:    Checking defaults for OMS/cmsy/m/n on input line 233.
LaTeX Font Info:    ... okay on input line 233.
LaTeX Font Info:    Checking defaults for OT1/cmr/m/n on input line 233.
LaTeX Font Info:    ... okay on input line 233.
LaTeX Font Info:    Checking defaults for T1/cmr/m/n on input line 233.
LaTeX Font Info:    ... okay on input line 233.
LaTeX Font Info:    Checking defaults for TS1/cmr/m/n on input line 233.
LaTeX Font Info:    ... okay on input line 233.
LaTeX Font Info:    Checking defaults for OMX/cmex/m/n on input line 233.
LaTeX Font Info:    ... okay on input line 233.
LaTeX Font Info:    Checking defaults for U/cmr/m/n on input line 233.
LaTeX Font Info:    ... okay on input line 233.
LaTeX Font Info:    Checking defaults for PD1/pdf/m/n on input line 233.
LaTeX Font Info:    ... okay on input line 233.
LaTeX Font Info:    Checking defaults for PU/pdf/m/n on input line 233.
LaTeX Font Info:    ... okay on input line 233.
Package hyperref Info: Link coloring OFF on input line 233.
\myptabbox=\box87
\myptabboxwidth=\skip315

(C:\Users\lydia\AppData\Local\Programs\MiKTeX\tex/context/base/mkii\supp-pdf.mk
ii
[Loading MPS to PDF converter (version 2006.09.02).]
\scratchcounter=\count461
\scratchdimen=\dimen317
\scratchbox=\box88
\nofMPsegments=\count462
\nofMParguments=\count463
\everyMPshowfont=\toks54
\MPscratchCnt=\count464
\MPscratchDim=\dimen318
\MPnumerator=\count465
\makeMPintoPDFobject=\count466
\everyMPtoPDFconversion=\toks55
)
(C:\Users\lydia\AppData\Local\Programs\MiKTeX\tex/latex/epstopdf-pkg\epstopdf-b
ase.sty
Package: epstopdf-base 2020-01-24 v2.11 Base part for package epstopdf
Package epstopdf-base Info: Redefining graphics rule for `.eps' on input line 4
85.

(C:\Users\lydia\AppData\Local\Programs\MiKTeX\tex/latex/00miktex\epstopdf-sys.c
fg
File: epstopdf-sys.cfg 2021/03/18 v2.0 Configuration of epstopdf for MiKTeX
))
\c@lstlisting=\count467
LaTeX Info: Redefining \microtypecontext on input line 233.
Package microtype Info: Applying patch `item' on input line 233.
Package microtype Info: Applying patch `toc' on input line 233.
Package microtype Info: Applying patch `eqnum' on input line 233.
Package microtype Info: Applying patch `footnote' on input line 233.
Package microtype Info: Applying patch `verbatim' on input line 233.
LaTeX Info: Redefining \microtypesetup on input line 233.
Package microtype Info: Generating PDF output.
Package microtype Info: Character protrusion enabled (level 2).
Package microtype Info: Using default protrusion set `alltext'.
Package microtype Info: Automatic font expansion enabled (level 2),
(microtype)             stretch: 20, shrink: 20, step: 1, non-selected.
Package microtype Info: Using default expansion set `alltext-nott'.
Package microtype Info: Patching command `\showhyphens'.
Package microtype Info: No adjustment of tracking.
Package microtype Info: No adjustment of interword spacing.
Package microtype Info: No adjustment of character kerning.

(C:\Users\lydia\AppData\Local\Programs\MiKTeX\tex/latex/microtype\mt-ptm.cfg
File: mt-ptm.cfg 2006/04/20 v1.7 microtype config. file: Times (RS)
)
(C:\Users\lydia\AppData\Local\Programs\MiKTeX\tex/latex/glossaries-english\glos
saries-dictionary-English.dict
Dictionary: glossaries-dictionary, Language: English 
)
(C:\Users\lydia\AppData\Local\Programs\MiKTeX\tex/latex/glossaries-spanish\glos
saries-dictionary-Spanish.dict
Dictionary: glossaries-dictionary, Language: Spanish 
)
(C:\Users\lydia\AppData\Local\Programs\MiKTeX\tex/latex/glossaries-portuges\glo
ssaries-dictionary-Brazilian.dict
Dictionary: glossaries-dictionary, Language: Brazilian 
)
Package caption Info: Begin \AtBeginDocument code.
Package caption Info: End \AtBeginDocument code.

(C:\Users\lydia\AppData\Local\Programs\MiKTeX\tex/latex/pdflscape\pdflscape.sty
Package: pdflscape 2022-10-27 v0.13 Display of landscape pages in PDF

(C:\Users\lydia\AppData\Local\Programs\MiKTeX\tex/latex/pdflscape\pdflscape-nom
etadata.sty
Package: pdflscape-nometadata 2022-10-28 v0.13 Display of landscape pages in PD
F (HO)

(C:\Users\lydia\AppData\Local\Programs\MiKTeX\tex/latex/graphics\lscape.sty
Package: lscape 2020/05/28 v3.02 Landscape Pages (DPC)
)
Package pdflscape Info: Auto-detected driver: pdftex on input line 81.
))
<lib/logo-ufc.png, id=3, 489.83pt x 732.7375pt>
File: lib/logo-ufc.png Graphic file (type png)
<use lib/logo-ufc.png>
Package pdftex.def Info: lib/logo-ufc.png  used on input line 236.
(pdftex.def)             Requested size: 48.98586pt x 73.27803pt.


[1

\openout4 = `documento.ist'.

{C:/Users/lydia/AppData/Local/MiKTeX/fonts/map/pdftex/pdftex.map}{C:/Users/lydi
a/AppData/Local/Programs/MiKTeX/fonts/enc/dvips/base/8r.enc} <./lib/logo-ufc.pn
g>]
Underfull \hbox (badness 10000) in paragraph at lines 237--237

 []


Underfull \hbox (badness 1354) in paragraph at lines 237--237
\T1/ptm/m/n/12 (+20) Ori-en-ta-dor: Prof. Dr. Eu-ri-nardo Ro-dri-
 []


Underfull \hbox (badness 10000) in paragraph at lines 237--237

 []

LaTeX Font Info:    Trying to load font information for OT1+ztmcm on input line
 237.
(C:\Users\lydia\AppData\Local\Programs\MiKTeX\tex/latex/psnfss\ot1ztmcm.fd
File: ot1ztmcm.fd 2000/01/03 Fontinst v1.801 font definitions for OT1/ztmcm.
)
Package microtype Info: Loading generic protrusion settings for font family
(microtype)             `ztmcm' (encoding: OT1).
(microtype)             For optimal results, create family-specific settings.
(microtype)             See the microtype manual for details.
LaTeX Font Info:    Trying to load font information for OML+ztmcm on input line
 237.

(C:\Users\lydia\AppData\Local\Programs\MiKTeX\tex/latex/psnfss\omlztmcm.fd
File: omlztmcm.fd 2000/01/03 Fontinst v1.801 font definitions for OML/ztmcm.
)
LaTeX Font Info:    Trying to load font information for OMS+ztmcm on input line
 237.

(C:\Users\lydia\AppData\Local\Programs\MiKTeX\tex/latex/psnfss\omsztmcm.fd
File: omsztmcm.fd 2000/01/03 Fontinst v1.801 font definitions for OMS/ztmcm.
)
LaTeX Font Info:    Trying to load font information for OMX+ztmcm on input line
 237.

(C:\Users\lydia\AppData\Local\Programs\MiKTeX\tex/latex/psnfss\omxztmcm.fd
File: omxztmcm.fd 2000/01/03 Fontinst v1.801 font definitions for OMX/ztmcm.
)
(C:\Users\lydia\AppData\Local\Programs\MiKTeX\tex/latex/microtype\mt-msa.cfg
File: mt-msa.cfg 2006/02/04 v1.1 microtype config. file: AMS symbols (a) (RS)
)
(C:\Users\lydia\AppData\Local\Programs\MiKTeX\tex/latex/microtype\mt-msb.cfg
File: mt-msb.cfg 2005/06/01 v1.0 microtype config. file: AMS symbols (b) (RS)
)
LaTeX Font Info:    Trying to load font information for OT1+ptm on input line 2
37.

(C:\Users\lydia\AppData\Local\Programs\MiKTeX\tex/latex/psnfss\ot1ptm.fd
File: ot1ptm.fd 2001/06/04 font definitions for OT1/ptm.
)
LaTeX Font Info:    Font shape `OT1/ptm/bx/n' in size <12> not available
(Font)              Font shape `OT1/ptm/b/n' tried instead on input line 237.
LaTeX Font Info:    Font shape `OT1/ptm/bx/n' in size <9> not available
(Font)              Font shape `OT1/ptm/b/n' tried instead on input line 237.
LaTeX Font Info:    Font shape `OT1/ptm/bx/n' in size <7> not available
(Font)              Font shape `OT1/ptm/b/n' tried instead on input line 237.

Overfull \hbox (4.56003pt too wide) in paragraph at lines 237--237
[]|  |  $[]$ 
 []




pdfTeX warning (ext4): destination with the same identifier (name{page.1}) has 
been already used, duplicate ignored
<to be read again> 
                   \relax 
l.237 	\imprimirfolhaderosto{}
                               [1



]
<1-pre-textuais/ficha-catalografica.pdf, id=18, 597.55246pt x 845.07718pt>
File: 1-pre-textuais/ficha-catalografica.pdf Graphic file (type pdf)
<use 1-pre-textuais/ficha-catalografica.pdf>
Package pdftex.def Info: 1-pre-textuais/ficha-catalografica.pdf  used on input 
line 238.
(pdftex.def)             Requested size: 597.551pt x 845.07512pt.
<1-pre-textuais/ficha-catalografica.pdf, id=20, page=1, 597.55246pt x 845.07718
pt>
File: 1-pre-textuais/ficha-catalografica.pdf Graphic file (type pdf)
<use 1-pre-textuais/ficha-catalografica.pdf, page 1>
Package pdftex.def Info: 1-pre-textuais/ficha-catalografica.pdf , page1 used on
 input line 238.
(pdftex.def)             Requested size: 597.551pt x 845.07512pt.
File: 1-pre-textuais/ficha-catalografica.pdf Graphic file (type pdf)
<use 1-pre-textuais/ficha-catalografica.pdf, page 1>
Package pdftex.def Info: 1-pre-textuais/ficha-catalografica.pdf , page1 used on
 input line 238.
(pdftex.def)             Requested size: 597.57834pt x 845.1138pt.
File: 1-pre-textuais/ficha-catalografica.pdf Graphic file (type pdf)
<use 1-pre-textuais/ficha-catalografica.pdf, page 1>
Package pdftex.def Info: 1-pre-textuais/ficha-catalografica.pdf , page1 used on
 input line 238.
(pdftex.def)             Requested size: 597.57834pt x 845.1138pt.
File: 1-pre-textuais/ficha-catalografica.pdf Graphic file (type pdf)
<use 1-pre-textuais/ficha-catalografica.pdf, page 1>
Package pdftex.def Info: 1-pre-textuais/ficha-catalografica.pdf , page1 used on
 input line 238.
(pdftex.def)             Requested size: 597.57834pt x 845.1138pt.


File: 1-pre-textuais/ficha-catalografica.pdf Graphic file (type pdf)
<use 1-pre-textuais/ficha-catalografica.pdf, page 1>
Package pdftex.def Info: 1-pre-textuais/ficha-catalografica.pdf , page1 used on
 input line 238.
(pdftex.def)             Requested size: 597.57834pt x 845.1138pt.
[2


 <./1-pre-textuais/ficha-catalografica.pdf>]
Underfull \hbox (badness 10000) in paragraph at lines 240--240

 []


Underfull \hbox (badness 10000) in paragraph at lines 240--240

 []


Overfull \hbox (4.56003pt too wide) in paragraph at lines 240--240
[]|  |  $[]$ 
 []



[3] (1-pre-textuais/dedicatoria.tex)
Overfull \hbox (4.56003pt too wide) in paragraph at lines 241--242
[]|  |  $[]$
 []



[4] (1-pre-textuais/agradecimentos.tex)

[5

] (1-pre-textuais/epigrafe.tex)
Overfull \hbox (4.56003pt too wide) in paragraph at lines 243--244
[]|  |  $[]$
 []



[6

] (1-pre-textuais/resumo.tex)

[7] (1-pre-textuais/abstract.tex)

[8

] (documento.lof)

[9

] (documento.lot)

[10]
No file documento.gls.


[11] (1-pre-textuais/lista-de-simbolos.tex

[12

]) (documento.toc)

[13

] (2-textuais/1-introducao.tex
Cap\'{\i }tulo 1.

LaTeX Warning: Citation `goossens1994latex' on page 14 undefined on input line 
9.

) (2-textuais/2-fundamentacao-teorica.tex

[14


]
Cap\'{\i }tulo 2.

LaTeX Warning: Reference `sec:citacoes' on page 15 undefined on input line 6.


LaTeX Warning: Citation `rakov2003lightning' on page 15 undefined on input line
 10.


LaTeX Warning: Citation `elat2015densidade' on page 15 undefined on input line 
10.


LaTeX Warning: Citation `LangtangenLogg2017' on page 15 undefined on input line
 12.


LaTeX Warning: Citation `secretaria1999' on page 15 undefined on input line 14.



LaTeX Warning: Citation `NBR10520:2002' on page 15 undefined on input line 14.


LaTeX Warning: Citation `Almeida2018' on page 15 undefined on input line 16.


LaTeX Warning: Citation `Gondim2017' on page 15 undefined on input line 16.


LaTeX Warning: Citation `manuais1989' on page 15 undefined on input line 16.



[15

]

LaTeX Warning: Citation `feitosa2016' on page 16 undefined on input line 18.


LaTeX Warning: Citation `feitosa2016' on page 16 undefined on input line 25.


LaTeX Warning: Reference `fig:reitoria' on page 16 undefined on input line 34.



[16]
<figuras/exemplo-1.jpg, id=200, 72.5117pt x 48.34114pt>
File: figuras/exemplo-1.jpg Graphic file (type jpg)
<use figuras/exemplo-1.jpg>
Package pdftex.def Info: figuras/exemplo-1.jpg  used on input line 48.
(pdftex.def)             Requested size: 455.24408pt x 303.54382pt.
File: figuras/exemplo-1.jpg Graphic file (type jpg)
<use figuras/exemplo-1.jpg>
Package pdftex.def Info: figuras/exemplo-1.jpg  used on input line 48.
(pdftex.def)             Requested size: 455.24408pt x 303.54382pt.


LaTeX Warning: Citation `UFC2012' on page 17 undefined on input line 48.


Overfull \hbox (4.99997pt too wide) in paragraph at lines 48--49
 []$[]$ 
 []


LaTeX Warning: Reference `fig:sondas' on page 17 undefined on input line 59.



[17 <./figuras/exemplo-1.jpg>]
<figuras/sondas.png, id=205, 658.71094pt x 590.95781pt>
File: figuras/sondas.png Graphic file (type png)
<use figuras/sondas.png>
Package pdftex.def Info: figuras/sondas.png  used on input line 68.
(pdftex.def)             Requested size: 398.33858pt x 357.37277pt.
File: figuras/sondas.png Graphic file (type png)
<use figuras/sondas.png>
Package pdftex.def Info: figuras/sondas.png  used on input line 68.
(pdftex.def)             Requested size: 398.33858pt x 357.37277pt.


LaTeX Warning: Citation `NASA2016' on page 18 undefined on input line 68.



[18 <./figuras/sondas.png>]

LaTeX Warning: Reference `tab:exemplo-1' on page 19 undefined on input line 81.


LaTeX Font Info:    Font shape `OT1/ptm/bx/n' in size <10> not available
(Font)              Font shape `OT1/ptm/b/n' tried instead on input line 101.
LaTeX Font Info:    Font shape `OT1/ptm/bx/n' in size <7.4> not available
(Font)              Font shape `OT1/ptm/b/n' tried instead on input line 101.
LaTeX Font Info:    Font shape `OT1/ptm/bx/n' in size <6> not available
(Font)              Font shape `OT1/ptm/b/n' tried instead on input line 101.


[19]
LaTeX Font Info:    Trying to load font information for T1+cmtt on input line 1
45.
 (C:\Users\lydia\AppData\Local\Programs\MiKTeX\tex/latex/base\t1cmtt.fd
File: t1cmtt.fd 2023/04/13 v2.5m Standard LaTeX font definitions
)
Package microtype Info: Loading generic protrusion settings for font family
(microtype)             `cmtt' (encoding: T1).
(microtype)             For optimal results, create family-specific settings.
(microtype)             See the microtype manual for details.
)
(2-textuais/3-metodologia.tex

[20]
Cap\'{\i }tulo 3.

LaTeX Warning: Reference `fig-grafico-1' on page 21 undefined on input line 67.




[21

]

LaTeX Warning: Reference `eq:indices' on page 22 undefined on input line 76.


LaTeX Warning: Reference `eq:indices' on page 22 undefined on input line 78.



[22]

LaTeX Warning: Reference `ap:A' on page 23 undefined on input line 154.



[23]

LaTeX Warning: Reference `ap:C' on page 24 undefined on input line 163.


LaTeX Warning: Reference `ap:B' on page 24 undefined on input line 196.

) (2-textuais/4-resultados.tex

[24]
Cap\'{\i }tulo 4.
<figuras/tensaoimpedanciahumana.png, id=272, 752.8125pt x 436.63126pt>
File: figuras/tensaoimpedanciahumana.png Graphic file (type png)
<use figuras/tensaoimpedanciahumana.png>
Package pdftex.def Info: figuras/tensaoimpedanciahumana.png  used on input line
 19.
(pdftex.def)             Requested size: 455.24408pt x 264.04613pt.
File: figuras/tensaoimpedanciahumana.png Graphic file (type png)
<use figuras/tensaoimpedanciahumana.png>
Package pdftex.def Info: figuras/tensaoimpedanciahumana.png  used on input line
 19.
(pdftex.def)             Requested size: 455.24408pt x 264.04613pt.

Overfull \hbox (11.79996pt too wide) in paragraph at lines 19--20
 []$[]$ 
 []

<figuras/figura-3.png, id=273, 429.10312pt x 240.9pt>
File: figuras/figura-3.png Graphic file (type png)
<use figuras/figura-3.png>
Package pdftex.def Info: figuras/figura-3.png  used on input line 31.
(pdftex.def)             Requested size: 455.24408pt x 255.577pt.
File: figuras/figura-3.png Graphic file (type png)
<use figuras/figura-3.png>
Package pdftex.def Info: figuras/figura-3.png  used on input line 31.
(pdftex.def)             Requested size: 455.24408pt x 255.577pt.

Overfull \hbox (11.79996pt too wide) in paragraph at lines 31--32
 []$[]$ 
 []


LaTeX Warning: `!h' float specifier changed to `!ht'.



[25

 <./figuras/tensaoimpedanciahumana.png>]

LaTeX Warning: Reference `tab:notas' on page 26 undefined on input line 65.



[26 <./figuras/figura-3.png>]

LaTeX Warning: Reference `tab:notas' on page 27 undefined on input line 71.

) (2-textuais/5-conclusao.tex

[27]
Cap\'{\i }tulo 5.
)
No file documento.bbl.


[28

] (3-pos-textuais/apendices/apendice-a.tex
\bfseries AP\^ENDICE A.
) (3-pos-textuais/apendices/apendice-b.tex

[29

]
\bfseries AP\^ENDICE B.
) (3-pos-textuais/apendices/apendice-c.tex

[30

]
\bfseries AP\^ENDICE C.
(C:\Users\lydia\AppData\Local\Programs\MiKTeX\tex/latex/listings\lstlang1.sty
File: lstlang1.sty 2024/05/25 1.10b listings language file
)
(C:\Users\lydia\AppData\Local\Programs\MiKTeX\tex/latex/listings\lstlang1.sty
File: lstlang1.sty 2024/05/25 1.10b listings language file
)
(C:\Users\lydia\AppData\Local\Programs\MiKTeX\tex/latex/listings\lstmisc.sty
File: lstmisc.sty 2024/05/25 1.10b (Carsten Heinz)
)
(figuras/main.cpp)
(C:\Users\lydia\AppData\Local\Programs\MiKTeX\tex/latex/listings\lstlang1.sty
File: lstlang1.sty 2024/05/25 1.10b listings language file
)) (3-pos-textuais/apendices/apendice-d.tex

[31

]
\bfseries AP\^ENDICE D.


pdfTeX warning: pdflatex.exe (file ./3-pos-textuais/apendices/PID4416093.pdf): 
PDF inclusion: found PDF version <1.7>, but at most version <1.5> allowed
<3-pos-textuais/apendices/PID4416093.pdf, id=329, 614.295pt x 794.97pt>
File: 3-pos-textuais/apendices/PID4416093.pdf Graphic file (type pdf)
<use 3-pos-textuais/apendices/PID4416093.pdf>
Package pdftex.def Info: 3-pos-textuais/apendices/PID4416093.pdf  used on input
 line 7.
(pdftex.def)             Requested size: 614.29349pt x 794.96806pt.


pdfTeX warning: pdflatex.exe (file ./3-pos-textuais/apendices/PID4416093.pdf): 
PDF inclusion: found PDF version <1.7>, but at most version <1.5> allowed


pdfTeX warning: pdflatex.exe (file ./3-pos-textuais/apendices/PID4416093.pdf): 
PDF inclusion: found PDF version <1.7>, but at most version <1.5> allowed
<3-pos-textuais/apendices/PID4416093.pdf, id=331, page=1, 614.295pt x 794.97pt>

File: 3-pos-textuais/apendices/PID4416093.pdf Graphic file (type pdf)
<use 3-pos-textuais/apendices/PID4416093.pdf, page 1>
Package pdftex.def Info: 3-pos-textuais/apendices/PID4416093.pdf , page1 used o
n input line 7.
(pdftex.def)             Requested size: 614.29349pt x 794.96806pt.
File: 3-pos-textuais/apendices/PID4416093.pdf Graphic file (type pdf)
<use 3-pos-textuais/apendices/PID4416093.pdf, page 1>
Package pdftex.def Info: 3-pos-textuais/apendices/PID4416093.pdf , page1 used o
n input line 7.
(pdftex.def)             Requested size: 597.78697pt x 773.60669pt.


[32

]
File: 3-pos-textuais/apendices/PID4416093.pdf Graphic file (type pdf)
<use 3-pos-textuais/apendices/PID4416093.pdf, page 1>
Package pdftex.def Info: 3-pos-textuais/apendices/PID4416093.pdf , page1 used o
n input line 7.
(pdftex.def)             Requested size: 597.78697pt x 773.60669pt.
File: 3-pos-textuais/apendices/PID4416093.pdf Graphic file (type pdf)
<use 3-pos-textuais/apendices/PID4416093.pdf, page 1>
Package pdftex.def Info: 3-pos-textuais/apendices/PID4416093.pdf , page1 used o
n input line 7.
(pdftex.def)             Requested size: 597.78697pt x 773.60669pt.


File: 3-pos-textuais/apendices/PID4416093.pdf Graphic file (type pdf)
<use 3-pos-textuais/apendices/PID4416093.pdf, page 1>
Package pdftex.def Info: 3-pos-textuais/apendices/PID4416093.pdf , page1 used o
n input line 7.
(pdftex.def)             Requested size: 597.78697pt x 773.60669pt.
[33

 <./3-pos-textuais/apendices/PID4416093.pdf>])
(3-pos-textuais/anexos/anexo-a.tex
\bfseries ANEXO A.
) (3-pos-textuais/anexos/anexo-b.tex

[34

]
\bfseries ANEXO B.
<3-pos-textuais/anexos/Sikasil.pdf, id=369, 597.23125pt x 845.1575pt>
File: 3-pos-textuais/anexos/Sikasil.pdf Graphic file (type pdf)
<use 3-pos-textuais/anexos/Sikasil.pdf>
Package pdftex.def Info: 3-pos-textuais/anexos/Sikasil.pdf  used on input line 
9.
(pdftex.def)             Requested size: 597.22978pt x 845.15544pt.
<3-pos-textuais/anexos/Sikasil.pdf, id=371, page=1, 597.23125pt x 845.1575pt>
File: 3-pos-textuais/anexos/Sikasil.pdf Graphic file (type pdf)
<use 3-pos-textuais/anexos/Sikasil.pdf, page 1>
Package pdftex.def Info: 3-pos-textuais/anexos/Sikasil.pdf , page1 used on inpu
t line 9.
(pdftex.def)             Requested size: 597.22978pt x 845.15544pt.
File: 3-pos-textuais/anexos/Sikasil.pdf Graphic file (type pdf)
<use 3-pos-textuais/anexos/Sikasil.pdf, page 1>
Package pdftex.def Info: 3-pos-textuais/anexos/Sikasil.pdf , page1 used on inpu
t line 9.
(pdftex.def)             Requested size: 597.25711pt x 845.19412pt.


[35

]
File: 3-pos-textuais/anexos/Sikasil.pdf Graphic file (type pdf)
<use 3-pos-textuais/anexos/Sikasil.pdf, page 1>
Package pdftex.def Info: 3-pos-textuais/anexos/Sikasil.pdf , page1 used on inpu
t line 9.
(pdftex.def)             Requested size: 597.25711pt x 845.19412pt.
File: 3-pos-textuais/anexos/Sikasil.pdf Graphic file (type pdf)
<use 3-pos-textuais/anexos/Sikasil.pdf, page 1>
Package pdftex.def Info: 3-pos-textuais/anexos/Sikasil.pdf , page1 used on inpu
t line 9.
(pdftex.def)             Requested size: 597.25711pt x 845.19412pt.


File: 3-pos-textuais/anexos/Sikasil.pdf Graphic file (type pdf)
<use 3-pos-textuais/anexos/Sikasil.pdf, page 1>
Package pdftex.def Info: 3-pos-textuais/anexos/Sikasil.pdf , page1 used on inpu
t line 9.
(pdftex.def)             Requested size: 597.25711pt x 845.19412pt.
[36

 <./3-pos-textuais/anexos/Sikasil.pdf>]
<3-pos-textuais/anexos/Sikasil.pdf, id=392, page=2, 597.23125pt x 845.1575pt>
File: 3-pos-textuais/anexos/Sikasil.pdf Graphic file (type pdf)
<use 3-pos-textuais/anexos/Sikasil.pdf, page 2>
Package pdftex.def Info: 3-pos-textuais/anexos/Sikasil.pdf , page2 used on inpu
t line 9.
(pdftex.def)             Requested size: 597.25711pt x 845.19412pt.
File: 3-pos-textuais/anexos/Sikasil.pdf Graphic file (type pdf)
<use 3-pos-textuais/anexos/Sikasil.pdf, page 2>
Package pdftex.def Info: 3-pos-textuais/anexos/Sikasil.pdf , page2 used on inpu
t line 9.
(pdftex.def)             Requested size: 597.25711pt x 845.19412pt.


File: 3-pos-textuais/anexos/Sikasil.pdf Graphic file (type pdf)
<use 3-pos-textuais/anexos/Sikasil.pdf, page 2>
Package pdftex.def Info: 3-pos-textuais/anexos/Sikasil.pdf , page2 used on inpu
t line 9.
(pdftex.def)             Requested size: 597.25711pt x 845.19412pt.
[37

 <./3-pos-textuais/anexos/Sikasil.pdf>])
No file documento.ind.
\tf@lof=\write7
\openout7 = `documento.lof'.

\tf@lot=\write8
\openout8 = `documento.lot'.

\tf@toc=\write9
\openout9 = `documento.toc'.

(documento.aux)
 ***********
LaTeX2e <2024-06-01> patch level 2
L3 programming layer <2020/03/25>
 ***********


LaTeX Warning: There were undefined references.


LaTeX Warning: Label(s) may have changed. Rerun to get cross-references right.

 ) 
Here is how much of TeX's memory you used:
 35097 strings out of 473899
 635695 string characters out of 5726500
 1443250 words of memory out of 5000000
 57007 multiletter control sequences out of 15000+600000
 623015 words of font info for 296 fonts, out of 8000000 for 9000
 1141 hyphenation exceptions out of 8191
 99i,20n,120p,2501b,1487s stack positions out of 10000i,1000n,20000p,200000b,200000s

pdfTeX warning (dest): name{glo:PDF} has been referenced but does not exist, re
placed by a fixed one


pdfTeX warning (dest): name{glo:MCEG} has been referenced but does not exist, r
eplaced by a fixed one


pdfTeX warning (dest): name{glo:DA} has been referenced but does not exist, rep
laced by a fixed one


pdfTeX warning (dest): name{glo:TEST} has been referenced but does not exist, r
eplaced by a fixed one


pdfTeX warning (dest): name{glo:ABNT} has been referenced but does not exist, r
eplaced by a fixed one

 <C:\Users\lydia\AppData\Local\MiKTeX\fonts/pk/ljfour/jknappen/ec/dpi600\ectt12
00.pk><C:/Users/lydia/AppData/Local/Programs/MiKTeX/fonts/type1/public/amsfonts
/cm/cmex10.pfb><C:/Users/lydia/AppData/Local/Programs/MiKTeX/fonts/type1/public
/amsfonts/cm/cmmi10.pfb><C:/Users/lydia/AppData/Local/Programs/MiKTeX/fonts/typ
e1/public/amsfonts/cm/cmr10.pfb><C:/Users/lydia/AppData/Local/Programs/MiKTeX/f
onts/type1/public/amsfonts/cm/cmsy10.pfb><C:/Users/lydia/AppData/Local/Programs
/MiKTeX/fonts/type1/urw/symbol/usyr.pfb><C:/Users/lydia/AppData/Local/Programs/
MiKTeX/fonts/type1/urw/symbol/usyr.pfb><C:/Users/lydia/AppData/Local/Programs/M
iKTeX/fonts/type1/urw/times/utmb8a.pfb><C:/Users/lydia/AppData/Local/Programs/M
iKTeX/fonts/type1/urw/times/utmbi8a.pfb><C:/Users/lydia/AppData/Local/Programs/
MiKTeX/fonts/type1/urw/times/utmr8a.pfb><C:/Users/lydia/AppData/Local/Programs/
MiKTeX/fonts/type1/urw/times/utmri8a.pfb>
Output written on documento.pdf (38 pages, 1737306 bytes).
PDF statistics:
 629 PDF objects out of 1000 (max. 8388607)
 133 named destinations out of 1000 (max. 500000)
 67908 words of extra memory for PDF output out of 74296 (max. 10000000)

